2025-01-05 17:03:38 [[32minfo[39m]: 
2025-01-05 17:03:38 [[32minfo[39m]: Application Started
2025-01-05 17:03:38 [[32minfo[39m]: BOT STARTED
2025-01-05 17:03:38 [[31merror[39m]: Failed to clear the log file: ENOENT: no such file or directory, open 'log/app.log'
2025-01-05 17:03:39 [[32minfo[39m]: Account 1 - Getting Wallet Information...
2025-01-05 17:03:40 [[32minfo[39m]: Account 1 - Successfully Get Account Information
2025-01-05 17:03:40 [[32minfo[39m]: Account 1 - Getting Account Balance...
2025-01-05 17:03:42 [[32minfo[39m]: Account 1 - Successfully Get Account Balance
2025-01-05 17:03:42 [[32minfo[39m]: Account 1 - Connecting to mango DAPPS...
2025-01-05 17:03:42 [[32minfo[39m]: POST : https://task-api.testnet.mangonetwork.io/mgoUser/loginMgoUserPublic 
2025-01-05 17:03:42 [[32minfo[39m]: Request Header : {"Accept":"application/json, text/plain, */*","Accept-Language":"en-US,en;q=0.9,id;q=0.8","Content-Type":"application/json","Sec-Fetch-Dest":"empty","Sec-Fetch-Site":"same-site","Sec-Fetch-Mode":"cors","User-Agent":"Mozilla/5.0 (Linux; Android 10; VOG-L29) AppleWebKit/537.36 (KHTML, like Gecko) Chrome/125.0.6422.113 Mobile Safari/537.36 OPR/76.2.4027.73374"}
2025-01-05 17:03:42 [[32minfo[39m]: Request Body : "{\"signData\":\"ADoh8YZ+b3sQYMZ3gB6nFvGQ++mE/yC/af6SsEDE04xi+beQ8WG6HyjZbkyUPPPLDkevgIYTgkXKrpPEkI2gTgZO2vTRGk+zktoBqOGT6CSgbSVTh0GvIrP29b9+wIofEA==\",\"address\":\"0x77532e1661b706804602fc466521008184e5671f4cfed7fcf5be9d72fa7dc93f\",\"signTime\":1736071422}"
2025-01-05 17:03:42 [[32minfo[39m]: Response : 200 OK
2025-01-05 17:03:42 [[32minfo[39m]: Response Data : {"code":0,"data":{"BindUrl":{"Discord":"https://discord.com/oauth2/authorize?client_id=1322128247550640130&response_type=code&redirect_uri=https%3A%2F%2Ftask-api.testnet.mangonetwork.io%2FmgoUser%2FdiscordMgoUserCallback&scope=identify+guilds.join&state=eyJhbGciOiJIUzI1NiIsInR5cCI6IkpXVCJ9.eyJJRCI6MTg3NTQyLCJBZGRyZXNzIjoiMHg3NzUzMmUxNjYxYjcwNjgwNDYwMmZjNDY2NTIxMDA4MTg0ZTU2NzFmNGNmZWQ3ZmNmNWJlOWQ3MmZhN2RjOTNmIiwiU291cmNlSWQiOjAsIkJ1ZmZlclRpbWUiOjg2NDAwLCJpc3MiOiJxbVBsdXMiLCJhdWQiOlsiR1ZBIl0sImV4cCI6MTczNjE1NzgyMiwibmJmIjoxNzM2MDcxNDIyfQ.AjMcMJYa2hn7eyjik6F-89jH6ut_1Vi0Celwpj_CZ_I","DiscordState":"1","Twitter":"https://task-api.testnet.mangonetwork.io/mgoUser/twitterBindUrl?state=eyJhbGciOiJIUzI1NiIsInR5cCI6IkpXVCJ9.eyJJRCI6MTg3NTQyLCJBZGRyZXNzIjoiMHg3NzUzMmUxNjYxYjcwNjgwNDYwMmZjNDY2NTIxMDA4MTg0ZTU2NzFmNGNmZWQ3ZmNmNWJlOWQ3MmZhN2RjOTNmIiwiU291cmNlSWQiOjAsIkJ1ZmZlclRpbWUiOjg2NDAwLCJpc3MiOiJxbVBsdXMiLCJhdWQiOlsiR1ZBIl0sImV4cCI6MTczNjE1NzgyMiwibmJmIjoxNzM2MDcxNDIyfQ.AjMcMJYa2hn7eyjik6F-89jH6ut_1Vi0Celwpj_CZ_I","TwitterState":"1","Telegram":"","TelegramState":"1"},"InvitedNumber":0,"MgoUser":{"ID":187542,"CreatedAt":"2025-01-05T13:10:44.734+08:00","UpdatedAt":"2025-01-05T18:03:42.845+08:00","address":"0x77532e1661b706804602fc466521008184e5671f4cfed7fcf5be9d72fa7dc93f","integral":0,"gas":0,"level":"0","familyId":"","pid":0,"pInvite":"","logintime":"2025-01-05T18:03:42.843+08:00","loginip":"118.99.80.40","joinip":"118.99.80.40","jointime":"2025-01-05T13:10:44.734+08:00","kol":"0","discord":"","twitter":"","telegram":"","status":"3","token":"","mark":0,"sourceId":0,"sourceName":""},"token":"eyJhbGciOiJIUzI1NiIsInR5cCI6IkpXVCJ9.eyJJRCI6MTg3NTQyLCJBZGRyZXNzIjoiMHg3NzUzMmUxNjYxYjcwNjgwNDYwMmZjNDY2NTIxMDA4MTg0ZTU2NzFmNGNmZWQ3ZmNmNWJlOWQ3MmZhN2RjOTNmIiwiU291cmNlSWQiOjAsIkJ1ZmZlclRpbWUiOjg2NDAwLCJpc3MiOiJxbVBsdXMiLCJhdWQiOlsiR1ZBIl0sImV4cCI6MTczNjE1NzgyMiwibmJmIjoxNzM2MDcxNDIyfQ.AjMcMJYa2hn7eyjik6F-89jH6ut_1Vi0Celwpj_CZ_I"},"msg":"Login successful"}...
2025-01-05 17:03:43 [[32minfo[39m]: Account 1 - Login successful
2025-01-05 17:03:43 [[32minfo[39m]: Account 1 - Getting User Information..
2025-01-05 17:03:43 [[32minfo[39m]: GET : https://task-api.testnet.mangonetwork.io/mgoUser/getMgoUser 
2025-01-05 17:03:43 [[32minfo[39m]: Request Header : {"Accept":"application/json, text/plain, */*","Accept-Language":"en-US,en;q=0.9,id;q=0.8","Content-Type":"application/json","Sec-Fetch-Dest":"empty","Sec-Fetch-Site":"same-site","Sec-Fetch-Mode":"cors","User-Agent":"Mozilla/5.0 (Linux; Android 10; VOG-L29) AppleWebKit/537.36 (KHTML, like Gecko) Chrome/125.0.6422.113 Mobile Safari/537.36 OPR/76.2.4027.73374","mgo-token":"eyJhbGciOiJIUzI1NiIsInR5cCI6IkpXVCJ9.eyJJRCI6MTg3NTQyLCJBZGRyZXNzIjoiMHg3NzUzMmUxNjYxYjcwNjgwNDYwMmZjNDY2NTIxMDA4MTg0ZTU2NzFmNGNmZWQ3ZmNmNWJlOWQ3MmZhN2RjOTNmIiwiU291cmNlSWQiOjAsIkJ1ZmZlclRpbWUiOjg2NDAwLCJpc3MiOiJxbVBsdXMiLCJhdWQiOlsiR1ZBIl0sImV4cCI6MTczNjE1NzgyMiwibmJmIjoxNzM2MDcxNDIyfQ.AjMcMJYa2hn7eyjik6F-89jH6ut_1Vi0Celwpj_CZ_I"}
2025-01-05 17:03:43 [[32minfo[39m]: Request Body : undefined
2025-01-05 17:03:43 [[32minfo[39m]: Response : 200 OK
2025-01-05 17:03:43 [[32minfo[39m]: Response Data : {"code":0,"data":{"BindUrl":{"Discord":"https://discord.com/oauth2/authorize?client_id=1322128247550640130&response_type=code&redirect_uri=https%3A%2F%2Ftask-api.testnet.mangonetwork.io%2FmgoUser%2FdiscordMgoUserCallback&scope=identify+guilds.join&state=eyJhbGciOiJIUzI1NiIsInR5cCI6IkpXVCJ9.eyJJRCI6MTg3NTQyLCJBZGRyZXNzIjoiMHg3NzUzMmUxNjYxYjcwNjgwNDYwMmZjNDY2NTIxMDA4MTg0ZTU2NzFmNGNmZWQ3ZmNmNWJlOWQ3MmZhN2RjOTNmIiwiU291cmNlSWQiOjAsIkJ1ZmZlclRpbWUiOjg2NDAwLCJpc3MiOiJxbVBsdXMiLCJhdWQiOlsiR1ZBIl0sImV4cCI6MTczNjE1NzgyMiwibmJmIjoxNzM2MDcxNDIyfQ.AjMcMJYa2hn7eyjik6F-89jH6ut_1Vi0Celwpj_CZ_I","DiscordState":"1","Twitter":"https://task-api.testnet.mangonetwork.io/mgoUser/twitterBindUrl?state=eyJhbGciOiJIUzI1NiIsInR5cCI6IkpXVCJ9.eyJJRCI6MTg3NTQyLCJBZGRyZXNzIjoiMHg3NzUzMmUxNjYxYjcwNjgwNDYwMmZjNDY2NTIxMDA4MTg0ZTU2NzFmNGNmZWQ3ZmNmNWJlOWQ3MmZhN2RjOTNmIiwiU291cmNlSWQiOjAsIkJ1ZmZlclRpbWUiOjg2NDAwLCJpc3MiOiJxbVBsdXMiLCJhdWQiOlsiR1ZBIl0sImV4cCI6MTczNjE1NzgyMiwibmJmIjoxNzM2MDcxNDIyfQ.AjMcMJYa2hn7eyjik6F-89jH6ut_1Vi0Celwpj_CZ_I","TwitterState":"1","Telegram":"","TelegramState":"1"},"InvitedNumber":0,"MgoUser":{"ID":187542,"CreatedAt":"2025-01-05T13:10:44.734+08:00","UpdatedAt":"2025-01-05T18:03:42.845+08:00","address":"0x77532e1661b706804602fc466521008184e5671f4cfed7fcf5be9d72fa7dc93f","integral":0,"gas":0,"level":"0","familyId":"","pid":0,"pInvite":"","logintime":"2025-01-05T18:03:42.843+08:00","loginip":"118.99.80.40","joinip":"118.99.80.40","jointime":"2025-01-05T13:10:44.734+08:00","kol":"0","discord":"","twitter":"","telegram":"","status":"3","token":"","mark":0,"sourceId":0,"sourceName":""},"Premium":""},"msg":"Obtain user information successfully"}...
2025-01-05 17:03:44 [[32minfo[39m]: Account 1 - Obtain user information successfully
2025-01-05 17:03:44 [[32minfo[39m]: Sorry, you cannot use this bot. Please join with the creator's referral code.
2025-01-05 17:03:49 [[32minfo[39m]: Account 1 - Sorry, you cannot use this bot. Please join with the creator's referral code.
2025-01-05 17:03:49 [[32minfo[39m]: Account 1 - Getting Wallet Information...
2025-01-05 17:03:50 [[32minfo[39m]: Account 1 - Successfully Get Account Information
2025-01-05 17:03:51 [[32minfo[39m]: Account 1 - Getting Account Balance...
2025-01-05 17:03:52 [[32minfo[39m]: Account 1 - Successfully Get Account Balance
2025-01-05 17:03:52 [[32minfo[39m]: Account 1 - Connecting to mango DAPPS...
2025-01-05 17:03:52 [[32minfo[39m]: POST : https://task-api.testnet.mangonetwork.io/mgoUser/loginMgoUserPublic 
2025-01-05 17:03:52 [[32minfo[39m]: Request Header : {"Accept":"application/json, text/plain, */*","Accept-Language":"en-US,en;q=0.9,id;q=0.8","Content-Type":"application/json","Sec-Fetch-Dest":"empty","Sec-Fetch-Site":"same-site","Sec-Fetch-Mode":"cors","User-Agent":"Mozilla/5.0 (Linux; Android 10; SM-N975F) AppleWebKit/537.36 (KHTML, like Gecko) Chrome/125.0.6422.113 Mobile Safari/537.36 OPR/76.2.4027.73374"}
2025-01-05 17:03:52 [[32minfo[39m]: Request Body : "{\"signData\":\"AMmlJGraP/yfShdYFqNM+R0vjwGkfvpjRHxLbRiA1fG5MgtweFlgi1KU6eT0qGowMXEdCuTwM7XSepY0pAP/tAxO2vTRGk+zktoBqOGT6CSgbSVTh0GvIrP29b9+wIofEA==\",\"address\":\"0x77532e1661b706804602fc466521008184e5671f4cfed7fcf5be9d72fa7dc93f\",\"signTime\":1736071432}"
2025-01-05 17:03:52 [[32minfo[39m]: Response : 200 OK
2025-01-05 17:03:52 [[32minfo[39m]: Response Data : {"code":0,"data":{"BindUrl":{"Discord":"https://discord.com/oauth2/authorize?client_id=1322128247550640130&response_type=code&redirect_uri=https%3A%2F%2Ftask-api.testnet.mangonetwork.io%2FmgoUser%2FdiscordMgoUserCallback&scope=identify+guilds.join&state=eyJhbGciOiJIUzI1NiIsInR5cCI6IkpXVCJ9.eyJJRCI6MTg3NTQyLCJBZGRyZXNzIjoiMHg3NzUzMmUxNjYxYjcwNjgwNDYwMmZjNDY2NTIxMDA4MTg0ZTU2NzFmNGNmZWQ3ZmNmNWJlOWQ3MmZhN2RjOTNmIiwiU291cmNlSWQiOjAsIkJ1ZmZlclRpbWUiOjg2NDAwLCJpc3MiOiJxbVBsdXMiLCJhdWQiOlsiR1ZBIl0sImV4cCI6MTczNjE1NzgzMywibmJmIjoxNzM2MDcxNDMzfQ.tjxWD1E5HjhSbpH4qFApkzE1g4fR3WZnZ0m1G86m_IQ","DiscordState":"1","Twitter":"https://task-api.testnet.mangonetwork.io/mgoUser/twitterBindUrl?state=eyJhbGciOiJIUzI1NiIsInR5cCI6IkpXVCJ9.eyJJRCI6MTg3NTQyLCJBZGRyZXNzIjoiMHg3NzUzMmUxNjYxYjcwNjgwNDYwMmZjNDY2NTIxMDA4MTg0ZTU2NzFmNGNmZWQ3ZmNmNWJlOWQ3MmZhN2RjOTNmIiwiU291cmNlSWQiOjAsIkJ1ZmZlclRpbWUiOjg2NDAwLCJpc3MiOiJxbVBsdXMiLCJhdWQiOlsiR1ZBIl0sImV4cCI6MTczNjE1NzgzMywibmJmIjoxNzM2MDcxNDMzfQ.tjxWD1E5HjhSbpH4qFApkzE1g4fR3WZnZ0m1G86m_IQ","TwitterState":"1","Telegram":"","TelegramState":"1"},"InvitedNumber":0,"MgoUser":{"ID":187542,"CreatedAt":"2025-01-05T13:10:44.734+08:00","UpdatedAt":"2025-01-05T18:03:53.142+08:00","address":"0x77532e1661b706804602fc466521008184e5671f4cfed7fcf5be9d72fa7dc93f","integral":0,"gas":0,"level":"0","familyId":"","pid":0,"pInvite":"","logintime":"2025-01-05T18:03:53.139+08:00","loginip":"118.99.80.40","joinip":"118.99.80.40","jointime":"2025-01-05T13:10:44.734+08:00","kol":"0","discord":"","twitter":"","telegram":"","status":"3","token":"","mark":0,"sourceId":0,"sourceName":""},"token":"eyJhbGciOiJIUzI1NiIsInR5cCI6IkpXVCJ9.eyJJRCI6MTg3NTQyLCJBZGRyZXNzIjoiMHg3NzUzMmUxNjYxYjcwNjgwNDYwMmZjNDY2NTIxMDA4MTg0ZTU2NzFmNGNmZWQ3ZmNmNWJlOWQ3MmZhN2RjOTNmIiwiU291cmNlSWQiOjAsIkJ1ZmZlclRpbWUiOjg2NDAwLCJpc3MiOiJxbVBsdXMiLCJhdWQiOlsiR1ZBIl0sImV4cCI6MTczNjE1NzgzMywibmJmIjoxNzM2MDcxNDMzfQ.tjxWD1E5HjhSbpH4qFApkzE1g4fR3WZnZ0m1G86m_IQ"},"msg":"Login successful"}...
